[wintest.andrewstech.me/index.html]
[backblue.gif]
[fade.gif]
[index.html]
[wintest.andrewstech.me/favicon.ico]
[pagead2.googlesyndication.com/pagead/js/f.txt]
[wintest.andrewstech.me/favicon.png]
[wintest.andrewstech.me/manifest.json]
[wintest.andrewstech.me/dycalendar.css]
[wintest.andrewstech.me/assets/index.c955ea3e.js]
[wintest.andrewstech.me/assets/index.e0498a50.css]
[wintest.andrewstech.me/manifest.webmanifest]
[wintest.andrewstech.me/registerSW.js]
[wintest.andrewstech.me/dycalendar.js]
[wintest.andrewstech.me/index.html]
[wintest.andrewstech.me/dycalendar.css]
[wintest.andrewstech.me/react-pwa.js]
[wintest.andrewstech.me/assets/server.f30e785e.jpg]
[wintest.andrewstech.me/assets/spotify.2699cb74.woff2]
[wintest.andrewstech.me/assets/spotify.e2d45b27.ttf]
[wintest.andrewstech.me/assets/SettingsIcons.166d2107.woff2]
[wintest.andrewstech.me/assets/index.e0498a50.css]
